<?xml version="1.0" encoding="UTF-8"?>
<coverage generated="1602686125311" clover="3.2.0">
  <project timestamp="1602686125311" name="All files">
    <metrics statements="44" coveredstatements="18" conditionals="22" coveredconditionals="6" methods="9" coveredmethods="3" elements="75" coveredelements="27" complexity="0" loc="44" ncloc="44" packages="2" files="2" classes="2"/>
    <package name="common">
      <metrics statements="36" coveredstatements="11" conditionals="14" coveredconditionals="0" methods="8" coveredmethods="2"/>
      <file name="index.js" path="/Users/david.garcia/workspace/bbva-next-mx/next-aws-handson/workshop-serverless/src/lib/common/index.js">
        <metrics statements="36" coveredstatements="11" conditionals="14" coveredconditionals="0" methods="8" coveredmethods="2"/>
        <line num="1" count="1" type="stmt"/>
        <line num="3" count="1" type="cond" truecount="0" falsecount="1"/>
        <line num="4" count="1" type="stmt"/>
        <line num="5" count="1" type="stmt"/>
        <line num="6" count="1" type="stmt"/>
        <line num="8" count="1" type="stmt"/>
        <line num="10" count="1" type="stmt"/>
        <line num="19" count="0" type="stmt"/>
        <line num="20" count="0" type="cond" truecount="0" falsecount="2"/>
        <line num="21" count="0" type="cond" truecount="0" falsecount="2"/>
        <line num="22" count="0" type="stmt"/>
        <line num="23" count="0" type="stmt"/>
        <line num="25" count="0" type="stmt"/>
        <line num="27" count="0" type="stmt"/>
        <line num="28" count="0" type="stmt"/>
        <line num="29" count="0" type="stmt"/>
        <line num="30" count="0" type="stmt"/>
        <line num="32" count="0" type="stmt"/>
        <line num="34" count="0" type="cond" truecount="0" falsecount="2"/>
        <line num="35" count="0" type="stmt"/>
        <line num="37" count="0" type="stmt"/>
        <line num="41" count="1" type="stmt"/>
        <line num="43" count="1" type="cond" truecount="0" falsecount="3"/>
        <line num="44" count="0" type="stmt"/>
        <line num="45" count="0" type="stmt"/>
        <line num="46" count="0" type="stmt"/>
        <line num="47" count="0" type="stmt"/>
        <line num="48" count="0" type="stmt"/>
        <line num="50" count="0" type="stmt"/>
        <line num="53" count="1" type="stmt"/>
        <line num="54" count="0" type="stmt"/>
        <line num="57" count="1" type="stmt"/>
        <line num="58" count="0" type="stmt"/>
        <line num="59" count="0" type="cond" truecount="0" falsecount="2"/>
        <line num="60" count="0" type="cond" truecount="0" falsecount="2"/>
        <line num="62" count="0" type="stmt"/>
      </file>
    </package>
    <package name="testing">
      <metrics statements="8" coveredstatements="7" conditionals="8" coveredconditionals="6" methods="1" coveredmethods="1"/>
      <file name="index.js" path="/Users/david.garcia/workspace/bbva-next-mx/next-aws-handson/workshop-serverless/src/lib/testing/index.js">
        <metrics statements="8" coveredstatements="7" conditionals="8" coveredconditionals="6" methods="1" coveredmethods="1"/>
        <line num="1" count="1" type="stmt"/>
        <line num="2" count="1" type="cond" truecount="1" falsecount="1"/>
        <line num="4" count="1" type="cond" truecount="4" falsecount="0"/>
        <line num="5" count="2" type="stmt"/>
        <line num="11" count="2" type="cond" truecount="1" falsecount="1"/>
        <line num="12" count="0" type="stmt"/>
        <line num="16" count="2" type="stmt"/>
        <line num="19" count="1" type="stmt"/>
      </file>
    </package>
  </project>
</coverage>
