{"/Users/david.garcia/workspace/bbva-next-mx/next-aws-handson/workshop-serverless/src/lib/common/index.js": {"path":"/Users/david.garcia/workspace/bbva-next-mx/next-aws-handson/workshop-serverless/src/lib/common/index.js","statementMap":{"0":{"start":{"line":1,"column":12},"end":{"line":1,"column":26}},"1":{"start":{"line":3,"column":0},"end":{"line":16,"column":2}},"2":{"start":{"line":4,"column":14},"end":{"line":4,"column":95}},"3":{"start":{"line":5,"column":14},"end":{"line":5,"column":95}},"4":{"start":{"line":6,"column":14},"end":{"line":6,"column":52}},"5":{"start":{"line":8,"column":4},"end":{"line":15,"column":27}},"6":{"start":{"line":10,"column":25},"end":{"line":10,"column":47}},"7":{"start":{"line":19,"column":17},"end":{"line":19,"column":28}},"8":{"start":{"line":20,"column":4},"end":{"line":38,"column":5}},"9":{"start":{"line":21,"column":8},"end":{"line":33,"column":9}},"10":{"start":{"line":22,"column":12},"end":{"line":24,"column":15}},"11":{"start":{"line":23,"column":15},"end":{"line":23,"column":43}},"12":{"start":{"line":25,"column":12},"end":{"line":25,"column":24}},"13":{"start":{"line":27,"column":25},"end":{"line":27,"column":42}},"14":{"start":{"line":28,"column":12},"end":{"line":31,"column":15}},"15":{"start":{"line":29,"column":30},"end":{"line":29,"column":37}},"16":{"start":{"line":30,"column":16},"end":{"line":30,"column":43}},"17":{"start":{"line":32,"column":12},"end":{"line":32,"column":24}},"18":{"start":{"line":34,"column":11},"end":{"line":38,"column":5}},"19":{"start":{"line":35,"column":8},"end":{"line":35,"column":25}},"20":{"start":{"line":37,"column":8},"end":{"line":37,"column":20}},"21":{"start":{"line":41,"column":0},"end":{"line":41,"column":31}},"22":{"start":{"line":43,"column":0},"end":{"line":51,"column":2}},"23":{"start":{"line":44,"column":4},"end":{"line":49,"column":5}},"24":{"start":{"line":45,"column":24},"end":{"line":45,"column":43}},"25":{"start":{"line":46,"column":25},"end":{"line":46,"column":56}},"26":{"start":{"line":47,"column":8},"end":{"line":47,"column":62}},"27":{"start":{"line":48,"column":8},"end":{"line":48,"column":63}},"28":{"start":{"line":50,"column":4},"end":{"line":50,"column":15}},"29":{"start":{"line":53,"column":0},"end":{"line":55,"column":2}},"30":{"start":{"line":54,"column":4},"end":{"line":54,"column":61}},"31":{"start":{"line":57,"column":0},"end":{"line":63,"column":2}},"32":{"start":{"line":58,"column":4},"end":{"line":58,"column":38}},"33":{"start":{"line":59,"column":4},"end":{"line":61,"column":5}},"34":{"start":{"line":60,"column":8},"end":{"line":60,"column":87}},"35":{"start":{"line":62,"column":4},"end":{"line":62,"column":23}}},"fnMap":{"0":{"name":"(anonymous_0)","decl":{"start":{"line":3,"column":30},"end":{"line":3,"column":31}},"loc":{"start":{"line":3,"column":47},"end":{"line":16,"column":1}},"line":3},"1":{"name":"(anonymous_1)","decl":{"start":{"line":10,"column":20},"end":{"line":10,"column":21}},"loc":{"start":{"line":10,"column":25},"end":{"line":10,"column":47}},"line":10},"2":{"name":"xssObject","decl":{"start":{"line":18,"column":9},"end":{"line":18,"column":18}},"loc":{"start":{"line":18,"column":25},"end":{"line":39,"column":1}},"line":18},"3":{"name":"(anonymous_3)","decl":{"start":{"line":22,"column":25},"end":{"line":22,"column":26}},"loc":{"start":{"line":22,"column":40},"end":{"line":24,"column":13}},"line":22},"4":{"name":"(anonymous_4)","decl":{"start":{"line":28,"column":25},"end":{"line":28,"column":26}},"loc":{"start":{"line":28,"column":32},"end":{"line":31,"column":13}},"line":28},"5":{"name":"(anonymous_5)","decl":{"start":{"line":43,"column":33},"end":{"line":43,"column":34}},"loc":{"start":{"line":43,"column":80},"end":{"line":51,"column":1}},"line":43},"6":{"name":"(anonymous_6)","decl":{"start":{"line":53,"column":24},"end":{"line":53,"column":25}},"loc":{"start":{"line":53,"column":38},"end":{"line":55,"column":1}},"line":53},"7":{"name":"(anonymous_7)","decl":{"start":{"line":57,"column":26},"end":{"line":57,"column":27}},"loc":{"start":{"line":57,"column":45},"end":{"line":63,"column":1}},"line":57}},"branchMap":{"0":{"loc":{"start":{"line":3,"column":31},"end":{"line":3,"column":42}},"type":"default-arg","locations":[{"start":{"line":3,"column":40},"end":{"line":3,"column":42}}],"line":3},"1":{"loc":{"start":{"line":20,"column":4},"end":{"line":38,"column":5}},"type":"if","locations":[{"start":{"line":20,"column":4},"end":{"line":38,"column":5}},{"start":{"line":20,"column":4},"end":{"line":38,"column":5}}],"line":20},"2":{"loc":{"start":{"line":21,"column":8},"end":{"line":33,"column":9}},"type":"if","locations":[{"start":{"line":21,"column":8},"end":{"line":33,"column":9}},{"start":{"line":21,"column":8},"end":{"line":33,"column":9}}],"line":21},"3":{"loc":{"start":{"line":34,"column":11},"end":{"line":38,"column":5}},"type":"if","locations":[{"start":{"line":34,"column":11},"end":{"line":38,"column":5}},{"start":{"line":34,"column":11},"end":{"line":38,"column":5}}],"line":34},"4":{"loc":{"start":{"line":43,"column":39},"end":{"line":43,"column":49}},"type":"default-arg","locations":[{"start":{"line":43,"column":47},"end":{"line":43,"column":49}}],"line":43},"5":{"loc":{"start":{"line":43,"column":51},"end":{"line":43,"column":62}},"type":"default-arg","locations":[{"start":{"line":43,"column":60},"end":{"line":43,"column":62}}],"line":43},"6":{"loc":{"start":{"line":43,"column":64},"end":{"line":43,"column":75}},"type":"default-arg","locations":[{"start":{"line":43,"column":73},"end":{"line":43,"column":75}}],"line":43},"7":{"loc":{"start":{"line":59,"column":4},"end":{"line":61,"column":5}},"type":"if","locations":[{"start":{"line":59,"column":4},"end":{"line":61,"column":5}},{"start":{"line":59,"column":4},"end":{"line":61,"column":5}}],"line":59},"8":{"loc":{"start":{"line":60,"column":35},"end":{"line":60,"column":62}},"type":"cond-expr","locations":[{"start":{"line":60,"column":57},"end":{"line":60,"column":58}},{"start":{"line":60,"column":61},"end":{"line":60,"column":62}}],"line":60}},"s":{"0":1,"1":1,"2":1,"3":1,"4":1,"5":1,"6":1,"7":0,"8":0,"9":0,"10":0,"11":0,"12":0,"13":0,"14":0,"15":0,"16":0,"17":0,"18":0,"19":0,"20":0,"21":1,"22":1,"23":0,"24":0,"25":0,"26":0,"27":0,"28":0,"29":1,"30":0,"31":1,"32":0,"33":0,"34":0,"35":0},"f":{"0":1,"1":1,"2":0,"3":0,"4":0,"5":0,"6":0,"7":0},"b":{"0":[0],"1":[0,0],"2":[0,0],"3":[0,0],"4":[0],"5":[0],"6":[0],"7":[0,0],"8":[0,0]},"_coverageSchema":"1a1c01bbd47fc00a2c39e90264f33305004495a9","hash":"0a427b8ce1b0d05b104b8def52d26f3da04f65bd"}
,"/Users/david.garcia/workspace/bbva-next-mx/next-aws-handson/workshop-serverless/src/lib/testing/index.js": {"path":"/Users/david.garcia/workspace/bbva-next-mx/next-aws-handson/workshop-serverless/src/lib/testing/index.js","statementMap":{"0":{"start":{"line":1,"column":14},"end":{"line":1,"column":30}},"1":{"start":{"line":2,"column":15},"end":{"line":2,"column":66}},"2":{"start":{"line":4,"column":16},"end":{"line":17,"column":1}},"3":{"start":{"line":5,"column":20},"end":{"line":10,"column":5}},"4":{"start":{"line":11,"column":4},"end":{"line":15,"column":5}},"5":{"start":{"line":12,"column":8},"end":{"line":14,"column":10}},"6":{"start":{"line":16,"column":4},"end":{"line":16,"column":32}},"7":{"start":{"line":19,"column":0},"end":{"line":19,"column":29}}},"fnMap":{"0":{"name":"(anonymous_0)","decl":{"start":{"line":4,"column":16},"end":{"line":4,"column":17}},"loc":{"start":{"line":4,"column":99},"end":{"line":17,"column":1}},"line":4}},"branchMap":{"0":{"loc":{"start":{"line":2,"column":15},"end":{"line":2,"column":66}},"type":"binary-expr","locations":[{"start":{"line":2,"column":15},"end":{"line":2,"column":33}},{"start":{"line":2,"column":37},"end":{"line":2,"column":66}}],"line":2},"1":{"loc":{"start":{"line":4,"column":25},"end":{"line":4,"column":40}},"type":"default-arg","locations":[{"start":{"line":4,"column":35},"end":{"line":4,"column":40}}],"line":4},"2":{"loc":{"start":{"line":4,"column":47},"end":{"line":4,"column":59}},"type":"default-arg","locations":[{"start":{"line":4,"column":54},"end":{"line":4,"column":59}}],"line":4},"3":{"loc":{"start":{"line":4,"column":61},"end":{"line":4,"column":77}},"type":"default-arg","locations":[{"start":{"line":4,"column":71},"end":{"line":4,"column":77}}],"line":4},"4":{"loc":{"start":{"line":4,"column":79},"end":{"line":4,"column":92}},"type":"default-arg","locations":[{"start":{"line":4,"column":87},"end":{"line":4,"column":92}}],"line":4},"5":{"loc":{"start":{"line":11,"column":4},"end":{"line":15,"column":5}},"type":"if","locations":[{"start":{"line":11,"column":4},"end":{"line":15,"column":5}},{"start":{"line":11,"column":4},"end":{"line":15,"column":5}}],"line":11}},"s":{"0":1,"1":1,"2":1,"3":2,"4":2,"5":0,"6":2,"7":1},"f":{"0":2},"b":{"0":[1,0],"1":[2],"2":[2],"3":[2],"4":[2],"5":[0,2]},"_coverageSchema":"1a1c01bbd47fc00a2c39e90264f33305004495a9","hash":"bbd7522d2600f3faa12d312ed402c6b5bd580813"}
}
